2021-02-01 10:31:43,525 WARN  [SoapUI] Missing folder [C:\Users\MCSaiYaswanth\Desktop\SDET\API Testing\repository\my-app\ext] for external libraries
2021-02-01 10:31:43,877 INFO  [DefaultSoapUICore] initialized soapui-settings from [C:\Users\MCSaiYaswanth\soapui-settings.xml]
2021-02-01 10:31:45,445 INFO  [WsdlProject] Loaded project from [file:/C:/Users/MCSaiYaswanth/Desktop/SDET/API%20Testing/repository/my-app/API-Testing-Project-soapui-project.xml]
2021-02-01 10:31:46,383 INFO  [SoapUITestCaseRunner] Running SoapUI tests in project [API Testing Project]
2021-02-01 10:31:46,386 INFO  [SoapUITestCaseRunner] Running Project [API Testing Project], runType = SEQUENTIAL
2021-02-01 10:31:46,443 INFO  [SoapUITestCaseRunner] Running SoapUI testcase [Automate End To End flow using Property  and property transfer]
2021-02-01 10:31:46,460 INFO  [SoapUITestCaseRunner] running step [Properties]
2021-02-01 10:31:46,532 INFO  [SoapUITestCaseRunner] running step [GetProductTypes]
2021-02-01 10:31:48,369 INFO  [SoapUITestCaseRunner] Assertion [SOAP Response] has status VALID
2021-02-01 10:31:48,370 INFO  [SoapUITestCaseRunner] running step [Property Transfer to Save]
2021-02-01 10:31:48,968 INFO  [SoapUITestCaseRunner] running step [Save]
2021-02-01 10:32:04,800 INFO  [SoapUITestCaseRunner] Assertion [SOAP Response] has status VALID
2021-02-01 10:32:04,801 INFO  [SoapUITestCaseRunner] running step [GetList]
2021-02-01 10:32:06,276 INFO  [SoapUITestCaseRunner] Assertion [SOAP Response] has status VALID
2021-02-01 10:32:06,285 INFO  [SoapUITestCaseRunner] running step [Property Transfer for getbySKU]
2021-02-01 10:32:06,296 INFO  [SoapUITestCaseRunner] running step [GetBySKU]
2021-02-01 10:32:07,610 INFO  [SoapUITestCaseRunner] Assertion [SOAP Response] has status VALID
2021-02-01 10:32:07,611 INFO  [SoapUITestCaseRunner] running step [Property Transfer for deletebySKU]
2021-02-01 10:32:07,618 INFO  [SoapUITestCaseRunner] running step [DeleteBySKU]
2021-02-01 10:32:09,851 INFO  [SoapUITestCaseRunner] Assertion [SOAP Response] has status VALID
2021-02-01 10:32:09,856 INFO  [SoapUITestCaseRunner] Finished running SoapUI testcase [Automate End To End flow using Property  and property transfer], time taken: 23352ms, status: FINISHED
2021-02-01 10:32:09,859 INFO  [SoapUITestCaseRunner] Running SoapUI testcase [Automate End to End flow using Property and Property Expansion]
2021-02-01 10:32:09,861 INFO  [SoapUITestCaseRunner] running step [Properties]
2021-02-01 10:32:09,863 INFO  [SoapUITestCaseRunner] running step [GetProductTypes]
2021-02-01 10:32:10,693 INFO  [SoapUITestCaseRunner] Assertion [SOAP Response] has status VALID
2021-02-01 10:32:10,694 INFO  [SoapUITestCaseRunner] running step [Save]
2021-02-01 10:32:12,735 INFO  [SoapUITestCaseRunner] Assertion [SOAP Response] has status VALID
2021-02-01 10:32:12,735 INFO  [SoapUITestCaseRunner] running step [GetList]
2021-02-01 10:32:14,331 INFO  [SoapUITestCaseRunner] Assertion [SOAP Response] has status VALID
2021-02-01 10:32:14,334 INFO  [SoapUITestCaseRunner] running step [GetBySKU]
2021-02-01 10:32:15,621 INFO  [SoapUITestCaseRunner] Assertion [SOAP Response] has status VALID
2021-02-01 10:32:15,622 INFO  [SoapUITestCaseRunner] running step [DeleteBySKU]
2021-02-01 10:32:17,334 INFO  [SoapUITestCaseRunner] Assertion [SOAP Response] has status VALID
2021-02-01 10:32:17,334 INFO  [SoapUITestCaseRunner] Finished running SoapUI testcase [Automate End to End flow using Property and Property Expansion], time taken: 7461ms, status: FINISHED
2021-02-01 10:32:17,336 INFO  [SoapUITestCaseRunner] Running SoapUI testcase [Automate End To End Flow Using Groovy Script]
2021-02-01 10:32:17,337 INFO  [SoapUITestCaseRunner] running step [Properties]
2021-02-01 10:32:17,340 INFO  [SoapUITestCaseRunner] running step [GetProductTypes]
2021-02-01 10:32:18,225 INFO  [SoapUITestCaseRunner] Assertion [SOAP Response] has status VALID
2021-02-01 10:32:18,226 INFO  [SoapUITestCaseRunner] running step [Save]
2021-02-01 10:32:20,210 INFO  [SoapUITestCaseRunner] Assertion [SOAP Response] has status VALID
2021-02-01 10:32:20,213 INFO  [SoapUITestCaseRunner] running step [GetList]
2021-02-01 10:32:21,581 INFO  [SoapUITestCaseRunner] Assertion [SOAP Response] has status VALID
2021-02-01 10:32:21,586 INFO  [SoapUITestCaseRunner] running step [GetBySKU]
2021-02-01 10:32:23,178 INFO  [SoapUITestCaseRunner] Assertion [SOAP Response] has status VALID
2021-02-01 10:32:23,179 INFO  [SoapUITestCaseRunner] running step [DeleteBySKU]
2021-02-01 10:32:25,272 INFO  [SoapUITestCaseRunner] Assertion [SOAP Response] has status VALID
2021-02-01 10:32:25,273 INFO  [SoapUITestCaseRunner] Finished running SoapUI testcase [Automate End To End Flow Using Groovy Script], time taken: 7911ms, status: FINISHED
2021-02-01 10:32:25,280 INFO  [SoapUITestCaseRunner] Running SoapUI testcase [Automate End To End Flow using Property and Groovy Script]
2021-02-01 10:32:25,281 INFO  [SoapUITestCaseRunner] running step [Groovy Script]
2021-02-01 10:32:25,876 INFO  [SoapUITestCaseRunner] Running SoapUI testcase [Automate End to End flow using Property and Property Expansion]
2021-02-01 10:32:25,881 INFO  [SoapUITestCaseRunner] running step [Properties]
2021-02-01 10:32:25,882 INFO  [SoapUITestCaseRunner] running step [GetProductTypes]
2021-02-01 10:32:26,916 INFO  [SoapUITestCaseRunner] Assertion [SOAP Response] has status VALID
2021-02-01 10:32:26,917 INFO  [SoapUITestCaseRunner] running step [Save]
2021-02-01 10:32:29,179 INFO  [SoapUITestCaseRunner] Assertion [SOAP Response] has status VALID
2021-02-01 10:32:29,179 INFO  [SoapUITestCaseRunner] running step [GetList]
2021-02-01 10:32:30,821 INFO  [SoapUITestCaseRunner] Assertion [SOAP Response] has status VALID
2021-02-01 10:32:30,821 INFO  [SoapUITestCaseRunner] running step [GetBySKU]
2021-02-01 10:32:32,483 INFO  [SoapUITestCaseRunner] Assertion [SOAP Response] has status VALID
2021-02-01 10:32:32,483 INFO  [SoapUITestCaseRunner] running step [DeleteBySKU]
2021-02-01 10:32:34,487 INFO  [SoapUITestCaseRunner] Assertion [SOAP Response] has status VALID
2021-02-01 10:32:34,488 INFO  [SoapUITestCaseRunner] Finished running SoapUI testcase [Automate End to End flow using Property and Property Expansion], time taken: 8597ms, status: FINISHED
2021-02-01 10:32:34,513 INFO  [log] Status = FINISHED,time takem to complete the execution is 8597 mS
2021-02-01 10:32:34,565 INFO  [log] Number of steps executed are 6
2021-02-01 10:32:34,676 INFO  [SoapUITestCaseRunner] Finished running SoapUI testcase [Automate End To End Flow using Property and Groovy Script], time taken: 9392ms, status: FINISHED
2021-02-01 10:32:34,682 INFO  [SoapUITestCaseRunner] Project [API Testing Project] finished with status [FINISHED] in 48281ms
